Using pre-set license
Built from '2020.3/china_unity/release' branch; Version is '2020.3.5f1c1 (548653c6c3de) revision 5539411'; Using compiler version '192528614'; Build Type 'Release'
OS: 'Windows 10 Home China; OS build 19042.1348; Version 2009; 64bit' Language: 'zh' Physical Memory: 16221 MB
BatchMode: 1, IsHumanControllingUs: 0, StartBugReporterOnCrash: 0, Is64bit: 1, IsPro: 0

 COMMAND LINE ARGUMENTS:
C:\Program Files\Unity\Hub\Editor\2020.3.5f1c1\Editor\Unity.exe
-adb2
-batchMode
-noUpm
-name
AssetImportWorker0
-projectPath
D:/Unity/Unity projec/YiLai
-logFile
Logs/AssetImportWorker0.log
-srvPort
52000
Successfully changed project path to: D:/Unity/Unity projec/YiLai
D:/Unity/Unity projec/YiLai
Using Asset Import Pipeline V2.
Refreshing native plugins compatible for Editor in 31.65 ms, found 1 plugins.
Preloading 0 native plugins for Editor in 0.00 ms.
Initialize engine version: 2020.3.5f1c1 (548653c6c3de)
[Subsystems] Discovering subsystems at path C:/Program Files/Unity/Hub/Editor/2020.3.5f1c1/Editor/Data/Resources/UnitySubsystems
[Subsystems] Discovering subsystems at path D:/Unity/Unity projec/YiLai/Assets
GfxDevice: creating device client; threaded=0
Direct3D:
    Version:  Direct3D 11.0 [level 11.1]
    Renderer: NVIDIA GeForce RTX 2060 (ID=0x1f11)
    Vendor:   
    VRAM:     5980 MB
    Driver:   27.21.14.6275
Initialize mono
Mono path[0] = 'C:/Program Files/Unity/Hub/Editor/2020.3.5f1c1/Editor/Data/Managed'
Mono path[1] = 'C:/Program Files/Unity/Hub/Editor/2020.3.5f1c1/Editor/Data/MonoBleedingEdge/lib/mono/unityjit'
Mono config path = 'C:/Program Files/Unity/Hub/Editor/2020.3.5f1c1/Editor/Data/MonoBleedingEdge/etc'
Using monoOptions --debugger-agent=transport=dt_socket,embedding=1,server=y,suspend=n,address=127.0.0.1:56440
Begin MonoManager ReloadAssembly
Registering precompiled unity dll's ...
Register platform support module: C:/Program Files/Unity/Hub/Editor/2020.3.5f1c1/Editor/Data/PlaybackEngines/WindowsStandaloneSupport/UnityEditor.WindowsStandalone.Extensions.dll
Registered in 0.002537 seconds.
Native extension for WindowsStandalone target not found
Refreshing native plugins compatible for Editor in 33.51 ms, found 1 plugins.
Preloading 0 native plugins for Editor in 0.00 ms.
Mono: successfully reloaded assembly
- Completed reload, in  0.839 seconds
Platform modules already initialized, skipping
Registering precompiled user dll's ...
Registered in 0.000723 seconds.
Begin MonoManager ReloadAssembly
Native extension for WindowsStandalone target not found
Refreshing native plugins compatible for Editor in 32.62 ms, found 1 plugins.
Preloading 0 native plugins for Editor in 0.00 ms.
Mono: successfully reloaded assembly
- Completed reload, in  0.929 seconds
Platform modules already initialized, skipping
========================================================================
Worker process is ready to serve import requests
Launched and connected shader compiler UnityShaderCompiler.exe after 0.06 seconds
Refreshing native plugins compatible for Editor in 0.30 ms, found 1 plugins.
Preloading 0 native plugins for Editor in 0.00 ms.
Unloading 1816 Unused Serialized files (Serialized files now loaded: 0)
System memory in use before: 87.5 MB.
System memory in use after: 87.6 MB.

Unloading 19 unused Assets to reduce memory usage. Loaded Objects now: 2263.
Total: 2.031500 ms (FindLiveObjects: 0.186300 ms CreateObjectMapping: 0.061400 ms MarkObjects: 1.719300 ms  DeleteObjects: 0.063700 ms)

========================================================================
Received Import Request.
  path: Assets/Script/NewBehaviourScript.cs
  artifactKey: Guid(6619a4b0d8e669741ae5a3d1142396d7) Importer(815301076,1909f56bfc062723c751e8b465ee728b)
Start importing Assets/Script/NewBehaviourScript.cs using Guid(6619a4b0d8e669741ae5a3d1142396d7) Importer(815301076,1909f56bfc062723c751e8b465ee728b)  -> (artifact id: 'b3fa96bad34dba69926652bd8d65c5ba') in 0.095643 seconds
  Import took 0.098367 seconds .

========================================================================
Received Import Request.
  Time since last request: 79.557371 seconds.
  path: Assets/Script/InitMap.cs
  artifactKey: Guid(6619a4b0d8e669741ae5a3d1142396d7) Importer(815301076,1909f56bfc062723c751e8b465ee728b)
Start importing Assets/Script/InitMap.cs using Guid(6619a4b0d8e669741ae5a3d1142396d7) Importer(815301076,1909f56bfc062723c751e8b465ee728b)  -> (artifact id: 'd5f44311e0cb42d4b711b1e4df0777f4') in 0.002760 seconds
  Import took 0.005499 seconds .

========================================================================
Received Prepare
Registering precompiled user dll's ...
Registered in 0.000683 seconds.
Begin MonoManager ReloadAssembly
Native extension for WindowsStandalone target not found
Refreshing native plugins compatible for Editor in 0.31 ms, found 1 plugins.
Preloading 0 native plugins for Editor in 0.00 ms.
Mono: successfully reloaded assembly
- Completed reload, in  0.842 seconds
Platform modules already initialized, skipping
Refreshing native plugins compatible for Editor in 0.31 ms, found 1 plugins.
Preloading 0 native plugins for Editor in 0.00 ms.
Unloading 1807 Unused Serialized files (Serialized files now loaded: 0)
System memory in use before: 87.0 MB.
System memory in use after: 87.1 MB.

Unloading 7 unused Assets to reduce memory usage. Loaded Objects now: 2268.
Total: 2.371100 ms (FindLiveObjects: 0.169900 ms CreateObjectMapping: 0.050300 ms MarkObjects: 2.129100 ms  DeleteObjects: 0.020100 ms)

========================================================================
Received Prepare
Registering precompiled user dll's ...
Registered in 0.000825 seconds.
Begin MonoManager ReloadAssembly
Native extension for WindowsStandalone target not found
Refreshing native plugins compatible for Editor in 0.40 ms, found 1 plugins.
Preloading 0 native plugins for Editor in 0.00 ms.
Mono: successfully reloaded assembly
- Completed reload, in  0.838 seconds
Platform modules already initialized, skipping
Refreshing native plugins compatible for Editor in 0.30 ms, found 1 plugins.
Preloading 0 native plugins for Editor in 0.00 ms.
Unloading 1807 Unused Serialized files (Serialized files now loaded: 0)
System memory in use before: 87.0 MB.
System memory in use after: 87.1 MB.

Unloading 7 unused Assets to reduce memory usage. Loaded Objects now: 2272.
Total: 1.870000 ms (FindLiveObjects: 0.202900 ms CreateObjectMapping: 0.086300 ms MarkObjects: 1.565500 ms  DeleteObjects: 0.014000 ms)

========================================================================
Received Import Request.
  Time since last request: 594.517332 seconds.
  path: Assets/Prefrom/Cube.prefab
  artifactKey: Guid(162887a5e3ad73f458d3a5755cbbbd91) Importer(815301076,1909f56bfc062723c751e8b465ee728b)
Start importing Assets/Prefrom/Cube.prefab using Guid(162887a5e3ad73f458d3a5755cbbbd91) Importer(815301076,1909f56bfc062723c751e8b465ee728b)  -> (artifact id: '8f6aad1c4b5c7fa0c8d3585d1ee991f0') in 0.100907 seconds
  Import took 0.103807 seconds .

========================================================================
Received Import Request.
  Time since last request: 0.026611 seconds.
  path: Assets/Prefrom/Cube.prefab
  artifactKey: Guid(162887a5e3ad73f458d3a5755cbbbd91) Importer(815301076,1909f56bfc062723c751e8b465ee728b)
Start importing Assets/Prefrom/Cube.prefab using Guid(162887a5e3ad73f458d3a5755cbbbd91) Importer(815301076,1909f56bfc062723c751e8b465ee728b)  -> (artifact id: '8f6aad1c4b5c7fa0c8d3585d1ee991f0') in 0.008185 seconds
  Import took 0.011196 seconds .

========================================================================
Received Import Request.
  Time since last request: 13.026294 seconds.
  path: Assets/Prefrom/Map
  artifactKey: Guid(55a2feb22ee049043aa188e6111fe8aa) Importer(815301076,1909f56bfc062723c751e8b465ee728b)
Start importing Assets/Prefrom/Map using Guid(55a2feb22ee049043aa188e6111fe8aa) Importer(815301076,1909f56bfc062723c751e8b465ee728b)  -> (artifact id: 'd9857c0c3078d12493037756b2c05019') in 0.002612 seconds
  Import took 0.005999 seconds .

========================================================================
Received Prepare
Registering precompiled user dll's ...
Registered in 0.000745 seconds.
Begin MonoManager ReloadAssembly
Native extension for WindowsStandalone target not found
Refreshing native plugins compatible for Editor in 0.31 ms, found 1 plugins.
Preloading 0 native plugins for Editor in 0.00 ms.
Mono: successfully reloaded assembly
- Completed reload, in  0.803 seconds
Platform modules already initialized, skipping
Refreshing native plugins compatible for Editor in 0.34 ms, found 1 plugins.
Preloading 0 native plugins for Editor in 0.00 ms.
Unloading 1807 Unused Serialized files (Serialized files now loaded: 0)
System memory in use before: 90.2 MB.
System memory in use after: 90.3 MB.

Unloading 8 unused Assets to reduce memory usage. Loaded Objects now: 2284.
Total: 1.708700 ms (FindLiveObjects: 0.159800 ms CreateObjectMapping: 0.060400 ms MarkObjects: 1.470200 ms  DeleteObjects: 0.017700 ms)

========================================================================
Received Import Request.
  Time since last request: 399.179091 seconds.
  path: Assets/Script/Direction.cs
  artifactKey: Guid(d02e073426479e64fbad1f2058f1c09d) Importer(815301076,1909f56bfc062723c751e8b465ee728b)
Start importing Assets/Script/Direction.cs using Guid(d02e073426479e64fbad1f2058f1c09d) Importer(815301076,1909f56bfc062723c751e8b465ee728b)  -> (artifact id: 'c352f7da1d7bbf6b6247340d767e76cb') in 0.021437 seconds
  Import took 0.024716 seconds .

========================================================================
Received Prepare
Registering precompiled user dll's ...
Registered in 0.000668 seconds.
Begin MonoManager ReloadAssembly
Native extension for WindowsStandalone target not found
Refreshing native plugins compatible for Editor in 0.31 ms, found 1 plugins.
Preloading 0 native plugins for Editor in 0.00 ms.
Mono: successfully reloaded assembly
- Completed reload, in  0.921 seconds
Platform modules already initialized, skipping
Refreshing native plugins compatible for Editor in 0.39 ms, found 1 plugins.
Preloading 0 native plugins for Editor in 0.00 ms.
Unloading 1808 Unused Serialized files (Serialized files now loaded: 0)
System memory in use before: 90.2 MB.
System memory in use after: 90.3 MB.

Unloading 7 unused Assets to reduce memory usage. Loaded Objects now: 2289.
Total: 2.619000 ms (FindLiveObjects: 0.197400 ms CreateObjectMapping: 0.091900 ms MarkObjects: 2.310000 ms  DeleteObjects: 0.018100 ms)

========================================================================
Received Prepare
Registering precompiled user dll's ...
Registered in 0.000863 seconds.
Begin MonoManager ReloadAssembly
Native extension for WindowsStandalone target not found
Refreshing native plugins compatible for Editor in 0.31 ms, found 1 plugins.
Preloading 0 native plugins for Editor in 0.00 ms.
Mono: successfully reloaded assembly
- Completed reload, in  0.835 seconds
Platform modules already initialized, skipping
Refreshing native plugins compatible for Editor in 0.33 ms, found 1 plugins.
Preloading 0 native plugins for Editor in 0.00 ms.
Unloading 1808 Unused Serialized files (Serialized files now loaded: 0)
System memory in use before: 90.2 MB.
System memory in use after: 90.3 MB.

Unloading 7 unused Assets to reduce memory usage. Loaded Objects now: 2293.
Total: 1.846000 ms (FindLiveObjects: 0.213100 ms CreateObjectMapping: 0.063100 ms MarkObjects: 1.553900 ms  DeleteObjects: 0.014900 ms)

========================================================================
Received Prepare
Registering precompiled user dll's ...
Registered in 0.000914 seconds.
Begin MonoManager ReloadAssembly
Native extension for WindowsStandalone target not found
Refreshing native plugins compatible for Editor in 0.33 ms, found 1 plugins.
Preloading 0 native plugins for Editor in 0.00 ms.
Mono: successfully reloaded assembly
- Completed reload, in  0.847 seconds
Platform modules already initialized, skipping
Refreshing native plugins compatible for Editor in 0.31 ms, found 1 plugins.
Preloading 0 native plugins for Editor in 0.00 ms.
Unloading 1808 Unused Serialized files (Serialized files now loaded: 0)
System memory in use before: 90.2 MB.
System memory in use after: 90.3 MB.

Unloading 7 unused Assets to reduce memory usage. Loaded Objects now: 2297.
Total: 1.999300 ms (FindLiveObjects: 0.177600 ms CreateObjectMapping: 0.072100 ms MarkObjects: 1.733500 ms  DeleteObjects: 0.014900 ms)

========================================================================
Received Import Request.
  Time since last request: 6359.671798 seconds.
  path: Assets/Script/MapGenerator.cs
  artifactKey: Guid(6619a4b0d8e669741ae5a3d1142396d7) Importer(815301076,1909f56bfc062723c751e8b465ee728b)
Start importing Assets/Script/MapGenerator.cs using Guid(6619a4b0d8e669741ae5a3d1142396d7) Importer(815301076,1909f56bfc062723c751e8b465ee728b)  -> (artifact id: '5d9a10113215c80909cd9b25b7b74532') in 0.005246 seconds
  Import took 0.008730 seconds .

========================================================================
Received Prepare
Registering precompiled user dll's ...
Registered in 0.000800 seconds.
Begin MonoManager ReloadAssembly
Native extension for WindowsStandalone target not found
Refreshing native plugins compatible for Editor in 0.31 ms, found 1 plugins.
Preloading 0 native plugins for Editor in 0.00 ms.
Mono: successfully reloaded assembly
- Completed reload, in  0.832 seconds
Platform modules already initialized, skipping
Refreshing native plugins compatible for Editor in 0.31 ms, found 1 plugins.
Preloading 0 native plugins for Editor in 0.00 ms.
Unloading 1808 Unused Serialized files (Serialized files now loaded: 0)
System memory in use before: 90.2 MB.
System memory in use after: 90.3 MB.

Unloading 7 unused Assets to reduce memory usage. Loaded Objects now: 2301.
Total: 3.736100 ms (FindLiveObjects: 0.336700 ms CreateObjectMapping: 0.115300 ms MarkObjects: 3.254800 ms  DeleteObjects: 0.027700 ms)

========================================================================
Received Prepare
Registering precompiled user dll's ...
Registered in 0.000867 seconds.
Begin MonoManager ReloadAssembly
Native extension for WindowsStandalone target not found
Refreshing native plugins compatible for Editor in 0.31 ms, found 1 plugins.
Preloading 0 native plugins for Editor in 0.00 ms.
Mono: successfully reloaded assembly
- Completed reload, in  0.772 seconds
Platform modules already initialized, skipping
Refreshing native plugins compatible for Editor in 0.30 ms, found 1 plugins.
Preloading 0 native plugins for Editor in 0.00 ms.
Unloading 1808 Unused Serialized files (Serialized files now loaded: 0)
System memory in use before: 90.2 MB.
System memory in use after: 90.3 MB.

Unloading 7 unused Assets to reduce memory usage. Loaded Objects now: 2305.
Total: 2.347100 ms (FindLiveObjects: 0.196200 ms CreateObjectMapping: 0.085500 ms MarkObjects: 2.050700 ms  DeleteObjects: 0.013600 ms)

========================================================================
Received Import Request.
  Time since last request: 58.450835 seconds.
  path: Assets/Script/NewBehaviourScript.cs
  artifactKey: Guid(2ccce2d78956dfd438098f3c021ae911) Importer(815301076,1909f56bfc062723c751e8b465ee728b)
Start importing Assets/Script/NewBehaviourScript.cs using Guid(2ccce2d78956dfd438098f3c021ae911) Importer(815301076,1909f56bfc062723c751e8b465ee728b)  -> (artifact id: '923d6b1fc0d65bc2da3bcd164c005715') in 0.004260 seconds
  Import took 0.007074 seconds .

========================================================================
Received Import Request.
  Time since last request: 0.129790 seconds.
  path: Assets/Script/NewBehaviourScript.cs
  artifactKey: Guid(2ccce2d78956dfd438098f3c021ae911) Importer(815301076,1909f56bfc062723c751e8b465ee728b)
Start importing Assets/Script/NewBehaviourScript.cs using Guid(2ccce2d78956dfd438098f3c021ae911) Importer(815301076,1909f56bfc062723c751e8b465ee728b)  -> (artifact id: '923d6b1fc0d65bc2da3bcd164c005715') in 0.001875 seconds
  Import took 0.004499 seconds .

========================================================================
Received Import Request.
  Time since last request: 16.313399 seconds.
  path: Assets/Script/Piece
  artifactKey: Guid(6ac8df6edfc82d2468ad4123596c87ff) Importer(815301076,1909f56bfc062723c751e8b465ee728b)
Start importing Assets/Script/Piece using Guid(6ac8df6edfc82d2468ad4123596c87ff) Importer(815301076,1909f56bfc062723c751e8b465ee728b)  -> (artifact id: '87ab278f84debde5a20ce52b4a495ed9') in 0.005425 seconds
  Import took 0.019972 seconds .

========================================================================
Received Prepare
Registering precompiled user dll's ...
Registered in 0.000687 seconds.
Begin MonoManager ReloadAssembly
Native extension for WindowsStandalone target not found
Refreshing native plugins compatible for Editor in 0.33 ms, found 1 plugins.
Preloading 0 native plugins for Editor in 0.00 ms.
Mono: successfully reloaded assembly
- Completed reload, in  0.862 seconds
Platform modules already initialized, skipping
Refreshing native plugins compatible for Editor in 0.32 ms, found 1 plugins.
Preloading 0 native plugins for Editor in 0.00 ms.
Unloading 1808 Unused Serialized files (Serialized files now loaded: 0)
System memory in use before: 90.2 MB.
System memory in use after: 90.4 MB.

Unloading 7 unused Assets to reduce memory usage. Loaded Objects now: 2309.
Total: 1.767300 ms (FindLiveObjects: 0.161100 ms CreateObjectMapping: 0.071700 ms MarkObjects: 1.506900 ms  DeleteObjects: 0.026400 ms)

========================================================================
Received Import Request.
  Time since last request: 18.736621 seconds.
  path: Assets/Script/ViewBaseCtr.cs
  artifactKey: Guid(16378f14db5f0624da4f6a525d613b56) Importer(815301076,1909f56bfc062723c751e8b465ee728b)
Start importing Assets/Script/ViewBaseCtr.cs using Guid(16378f14db5f0624da4f6a525d613b56) Importer(815301076,1909f56bfc062723c751e8b465ee728b)  -> (artifact id: 'f1f74ab84f2ee57c937de2d509cb723a') in 0.004733 seconds
  Import took 0.007834 seconds .

========================================================================
Received Import Request.
  Time since last request: 0.043491 seconds.
  path: Assets/Script/ViewBaseCtr.cs
  artifactKey: Guid(16378f14db5f0624da4f6a525d613b56) Importer(815301076,1909f56bfc062723c751e8b465ee728b)
Start importing Assets/Script/ViewBaseCtr.cs using Guid(16378f14db5f0624da4f6a525d613b56) Importer(815301076,1909f56bfc062723c751e8b465ee728b)  -> (artifact id: 'f1f74ab84f2ee57c937de2d509cb723a') in 0.001935 seconds
  Import took 0.004648 seconds .

========================================================================
Received Import Request.
  Time since last request: 60.901509 seconds.
  path: Assets/Script/NewBehaviourScript.cs
  artifactKey: Guid(2ccce2d78956dfd438098f3c021ae911) Importer(815301076,1909f56bfc062723c751e8b465ee728b)
Start importing Assets/Script/NewBehaviourScript.cs using Guid(2ccce2d78956dfd438098f3c021ae911) Importer(815301076,1909f56bfc062723c751e8b465ee728b)  -> (artifact id: '2e316211f384d740a4d55b5ad4026559') in 0.002929 seconds
  Import took 0.005672 seconds .

========================================================================
Received Import Request.
  Time since last request: 0.000365 seconds.
  path: Assets/Script/NewBehaviourScript.cs
  artifactKey: Guid(2ccce2d78956dfd438098f3c021ae911) Importer(815301076,1909f56bfc062723c751e8b465ee728b)
Start importing Assets/Script/NewBehaviourScript.cs using Guid(2ccce2d78956dfd438098f3c021ae911) Importer(815301076,1909f56bfc062723c751e8b465ee728b)  -> (artifact id: '2e316211f384d740a4d55b5ad4026559') in 0.003255 seconds
  Import took 0.005817 seconds .

========================================================================
Received Import Request.
  Time since last request: 39.009135 seconds.
  path: Assets/Script/MapGenerator.cs
  artifactKey: Guid(2ccce2d78956dfd438098f3c021ae911) Importer(815301076,1909f56bfc062723c751e8b465ee728b)
Start importing Assets/Script/MapGenerator.cs using Guid(2ccce2d78956dfd438098f3c021ae911) Importer(815301076,1909f56bfc062723c751e8b465ee728b)  -> (artifact id: 'c179c1add504e95417803c319afd5441') in 0.007571 seconds
  Import took 0.010585 seconds .

========================================================================
Received Prepare
Registering precompiled user dll's ...
Registered in 0.000920 seconds.
Begin MonoManager ReloadAssembly
Native extension for WindowsStandalone target not found
Refreshing native plugins compatible for Editor in 0.31 ms, found 1 plugins.
Preloading 0 native plugins for Editor in 0.00 ms.
Mono: successfully reloaded assembly
- Completed reload, in  0.781 seconds
Platform modules already initialized, skipping
Refreshing native plugins compatible for Editor in 0.32 ms, found 1 plugins.
Preloading 0 native plugins for Editor in 0.00 ms.
Unloading 1808 Unused Serialized files (Serialized files now loaded: 0)
System memory in use before: 90.2 MB.
System memory in use after: 90.4 MB.

Unloading 8 unused Assets to reduce memory usage. Loaded Objects now: 2313.
Total: 2.019800 ms (FindLiveObjects: 0.166900 ms CreateObjectMapping: 0.095900 ms MarkObjects: 1.732800 ms  DeleteObjects: 0.023400 ms)

========================================================================
Received Prepare
Registering precompiled user dll's ...
Registered in 0.000747 seconds.
Begin MonoManager ReloadAssembly
Native extension for WindowsStandalone target not found
Refreshing native plugins compatible for Editor in 0.48 ms, found 1 plugins.
Preloading 0 native plugins for Editor in 0.00 ms.
Mono: successfully reloaded assembly
- Completed reload, in  0.769 seconds
Platform modules already initialized, skipping
Refreshing native plugins compatible for Editor in 0.37 ms, found 1 plugins.
Preloading 0 native plugins for Editor in 0.00 ms.
Unloading 1808 Unused Serialized files (Serialized files now loaded: 0)
System memory in use before: 90.3 MB.
System memory in use after: 90.4 MB.

Unloading 7 unused Assets to reduce memory usage. Loaded Objects now: 2317.
Total: 31.879900 ms (FindLiveObjects: 23.980200 ms CreateObjectMapping: 3.142000 ms MarkObjects: 4.715800 ms  DeleteObjects: 0.039300 ms)

========================================================================
Received Prepare
Registering precompiled user dll's ...
Registered in 0.000724 seconds.
Begin MonoManager ReloadAssembly
Native extension for WindowsStandalone target not found
Refreshing native plugins compatible for Editor in 0.52 ms, found 1 plugins.
Preloading 0 native plugins for Editor in 0.00 ms.
Mono: successfully reloaded assembly
- Completed reload, in  0.857 seconds
Platform modules already initialized, skipping
Refreshing native plugins compatible for Editor in 0.31 ms, found 1 plugins.
Preloading 0 native plugins for Editor in 0.00 ms.
Unloading 1808 Unused Serialized files (Serialized files now loaded: 0)
System memory in use before: 90.3 MB.
System memory in use after: 90.4 MB.

Unloading 7 unused Assets to reduce memory usage. Loaded Objects now: 2321.
Total: 1.748300 ms (FindLiveObjects: 0.156300 ms CreateObjectMapping: 0.059900 ms MarkObjects: 1.514400 ms  DeleteObjects: 0.016900 ms)

========================================================================
Received Prepare
Registering precompiled user dll's ...
Registered in 0.000941 seconds.
Begin MonoManager ReloadAssembly
Native extension for WindowsStandalone target not found
Refreshing native plugins compatible for Editor in 0.31 ms, found 1 plugins.
Preloading 0 native plugins for Editor in 0.00 ms.
Mono: successfully reloaded assembly
- Completed reload, in  0.805 seconds
Platform modules already initialized, skipping
Refreshing native plugins compatible for Editor in 0.30 ms, found 1 plugins.
Preloading 0 native plugins for Editor in 0.00 ms.
Unloading 1808 Unused Serialized files (Serialized files now loaded: 0)
System memory in use before: 90.3 MB.
System memory in use after: 90.4 MB.

Unloading 7 unused Assets to reduce memory usage. Loaded Objects now: 2325.
Total: 1.990300 ms (FindLiveObjects: 0.184600 ms CreateObjectMapping: 0.072400 ms MarkObjects: 1.716000 ms  DeleteObjects: 0.015800 ms)

========================================================================
Received Prepare
Registering precompiled user dll's ...
Registered in 0.000776 seconds.
Begin MonoManager ReloadAssembly
Native extension for WindowsStandalone target not found
Refreshing native plugins compatible for Editor in 0.34 ms, found 1 plugins.
Preloading 0 native plugins for Editor in 0.00 ms.
Mono: successfully reloaded assembly
- Completed reload, in  0.854 seconds
Platform modules already initialized, skipping
Refreshing native plugins compatible for Editor in 0.45 ms, found 1 plugins.
Preloading 0 native plugins for Editor in 0.00 ms.
Unloading 1808 Unused Serialized files (Serialized files now loaded: 0)
System memory in use before: 90.3 MB.
System memory in use after: 90.4 MB.

Unloading 7 unused Assets to reduce memory usage. Loaded Objects now: 2329.
Total: 2.311000 ms (FindLiveObjects: 0.270400 ms CreateObjectMapping: 0.124300 ms MarkObjects: 1.887700 ms  DeleteObjects: 0.027000 ms)

========================================================================
Received Prepare
Registering precompiled user dll's ...
Registered in 0.000782 seconds.
Begin MonoManager ReloadAssembly
Native extension for WindowsStandalone target not found
Refreshing native plugins compatible for Editor in 0.32 ms, found 1 plugins.
Preloading 0 native plugins for Editor in 0.00 ms.
Mono: successfully reloaded assembly
- Completed reload, in  0.808 seconds
Platform modules already initialized, skipping
Refreshing native plugins compatible for Editor in 0.51 ms, found 1 plugins.
Preloading 0 native plugins for Editor in 0.00 ms.
Unloading 1808 Unused Serialized files (Serialized files now loaded: 0)
System memory in use before: 90.3 MB.
System memory in use after: 90.4 MB.

Unloading 7 unused Assets to reduce memory usage. Loaded Objects now: 2333.
Total: 2.008700 ms (FindLiveObjects: 0.191000 ms CreateObjectMapping: 0.086700 ms MarkObjects: 1.716100 ms  DeleteObjects: 0.013700 ms)

========================================================================
Received Prepare
Registering precompiled user dll's ...
Registered in 0.000847 seconds.
Begin MonoManager ReloadAssembly
Native extension for WindowsStandalone target not found
Refreshing native plugins compatible for Editor in 0.41 ms, found 1 plugins.
Preloading 0 native plugins for Editor in 0.00 ms.
Mono: successfully reloaded assembly
- Completed reload, in  0.939 seconds
Platform modules already initialized, skipping
Refreshing native plugins compatible for Editor in 0.38 ms, found 1 plugins.
Preloading 0 native plugins for Editor in 0.00 ms.
Unloading 1808 Unused Serialized files (Serialized files now loaded: 0)
System memory in use before: 90.3 MB.
System memory in use after: 90.4 MB.

Unloading 7 unused Assets to reduce memory usage. Loaded Objects now: 2337.
Total: 2.784800 ms (FindLiveObjects: 0.280300 ms CreateObjectMapping: 0.106900 ms MarkObjects: 2.376200 ms  DeleteObjects: 0.020000 ms)

========================================================================
Received Import Request.
  Time since last request: 4589.101072 seconds.
  path: Assets/Script/Config/Map_Config.cs
  artifactKey: Guid(9a16021d3f8a6904face72bb88370367) Importer(815301076,1909f56bfc062723c751e8b465ee728b)
Start importing Assets/Script/Config/Map_Config.cs using Guid(9a16021d3f8a6904face72bb88370367) Importer(815301076,1909f56bfc062723c751e8b465ee728b)  -> (artifact id: '774c979d388ef5f2f41257578c45957d') in 0.006962 seconds
  Import took 0.010997 seconds .

========================================================================
Received Prepare
Registering precompiled user dll's ...
Registered in 0.001198 seconds.
Begin MonoManager ReloadAssembly
Native extension for WindowsStandalone target not found
Refreshing native plugins compatible for Editor in 0.33 ms, found 1 plugins.
Preloading 0 native plugins for Editor in 0.00 ms.
Mono: successfully reloaded assembly
- Completed reload, in  0.795 seconds
Platform modules already initialized, skipping
Refreshing native plugins compatible for Editor in 0.35 ms, found 1 plugins.
Preloading 0 native plugins for Editor in 0.00 ms.
Unloading 1808 Unused Serialized files (Serialized files now loaded: 0)
System memory in use before: 90.3 MB.
System memory in use after: 90.4 MB.

Unloading 7 unused Assets to reduce memory usage. Loaded Objects now: 2341.
Total: 2.167400 ms (FindLiveObjects: 0.306200 ms CreateObjectMapping: 0.143300 ms MarkObjects: 1.699800 ms  DeleteObjects: 0.016900 ms)

========================================================================
Received Import Request.
  Time since last request: 222.463419 seconds.
  path: Assets/Script/Config/Map_Config.cs
  artifactKey: Guid(9a16021d3f8a6904face72bb88370367) Importer(815301076,1909f56bfc062723c751e8b465ee728b)
Start importing Assets/Script/Config/Map_Config.cs using Guid(9a16021d3f8a6904face72bb88370367) Importer(815301076,1909f56bfc062723c751e8b465ee728b)  -> (artifact id: '0d821a3fd8ede29276eceeb062a74d7d') in 0.004127 seconds
  Import took 0.006862 seconds .

AssetImportWorkerClient::OnTransportError - code=2 error=End of file
